[debug] [2022-12-12T11:34:04.986Z] ----------------------------------------------------------------------
[debug] [2022-12-12T11:34:04.990Z] Command:       C:\Program Files\nodejs\node.exe C:\Users\AmazingJosh\AppData\Roaming\npm\node_modules\firebase-tools\lib\bin\firebase.js init
[debug] [2022-12-12T11:34:04.991Z] CLI Version:   11.17.0
[debug] [2022-12-12T11:34:04.992Z] Platform:      win32
[debug] [2022-12-12T11:34:04.992Z] Node Version:  v16.17.1
[debug] [2022-12-12T11:34:04.993Z] Time:          Mon Dec 12 2022 12:34:04 GMT+0100 (West Africa Standard Time)
[debug] [2022-12-12T11:34:04.993Z] ----------------------------------------------------------------------
[debug] 
[debug] [2022-12-12T11:34:05.012Z] > command requires scopes: ["email","openid","https://www.googleapis.com/auth/cloudplatformprojects.readonly","https://www.googleapis.com/auth/firebase","https://www.googleapis.com/auth/cloud-platform"]
[debug] [2022-12-12T11:34:05.014Z] > authorizing via signed-in user (theamazingkeyz@gmail.com)
[info] 
     ######## #### ########  ######## ########     ###     ######  ########
     ##        ##  ##     ## ##       ##     ##  ##   ##  ##       ##
     ######    ##  ########  ######   ########  #########  ######  ######
     ##        ##  ##    ##  ##       ##     ## ##     ##       ## ##
     ##       #### ##     ## ######## ########  ##     ##  ######  ########

You're about to initialize a Firebase project in this directory:

  C:\Users\AmazingJosh\Desktop\myschool

[info] 
=== Project Setup
[info] 
[info] First, let's associate this project directory with a Firebase project.
[info] You can create multiple project aliases by running firebase use --add, 
[info] but for now we'll just set up a default project.
[info] 
[debug] [2022-12-12T11:36:50.647Z] >>> [apiv2][query] GET https://firebase.googleapis.com/v1beta1/projects pageSize=100
[debug] [2022-12-12T11:36:51.637Z] <<< [apiv2][status] GET https://firebase.googleapis.com/v1beta1/projects 200
[debug] [2022-12-12T11:36:51.639Z] <<< [apiv2][body] GET https://firebase.googleapis.com/v1beta1/projects [omitted]
[info] i  Using project university-ea8c9 (university) 
[info] 
=== Hosting Setup
[info] 
[info] Your public directory is the folder (relative to your project directory) that
[info] will contain Hosting assets to be uploaded with firebase deploy. If you
[info] have a build process for your assets, use your build's output directory.
[info] 
